[2021-08-04T21:32:22.806] [DEBUG] cheese - login => username:zs,password:123456
[2021-08-04T21:32:22.879] [DEBUG] cheese - zs
[2021-08-04T21:32:22.928] [DEBUG] cheese - null
[2021-08-04T21:32:22.929] [DEBUG] cheese - null
[2021-08-04T21:33:00.925] [DEBUG] cheese - login => username:admin,password:123456
[2021-08-04T21:33:00.925] [DEBUG] cheese - admin
[2021-08-04T21:33:00.933] [DEBUG] cheese - null
[2021-08-04T21:33:00.933] [DEBUG] cheese - null
[2021-08-06T22:46:53.256] [DEBUG] cheese - login => username:12313,password:12312312
[2021-08-06T22:46:53.269] [DEBUG] cheese - 12313
[2021-08-06T22:46:53.352] [DEBUG] cheese - null
[2021-08-06T22:46:53.353] [DEBUG] cheese - null
[2021-08-06T23:18:06.919] [DEBUG] cheese - login => username:1231313,password:1313131
[2021-08-06T23:18:06.920] [DEBUG] cheese - 1231313
[2021-08-06T23:18:06.927] [DEBUG] cheese - null
[2021-08-06T23:18:06.927] [DEBUG] cheese - null
[2021-08-06T23:28:23.630] [DEBUG] cheese - login => username:123131,password:1313131
[2021-08-06T23:28:23.631] [DEBUG] cheese - 123131
[2021-08-06T23:28:23.633] [DEBUG] cheese - null
[2021-08-06T23:28:23.634] [DEBUG] cheese - null
[2021-08-06T23:31:32.683] [DEBUG] cheese - login => username:admin,password:123456
[2021-08-06T23:31:32.683] [DEBUG] cheese - admin
[2021-08-06T23:31:32.686] [DEBUG] cheese - null
[2021-08-06T23:31:32.686] [DEBUG] cheese - null
[2021-08-06T23:31:35.964] [DEBUG] cheese - login => username:admin,password:1234562
[2021-08-06T23:31:35.964] [DEBUG] cheese - admin
[2021-08-06T23:31:35.966] [DEBUG] cheese - null
[2021-08-06T23:31:35.966] [DEBUG] cheese - null
[2021-08-06T23:42:51.573] [DEBUG] cheese - login => username:12313,password:1313131
[2021-08-06T23:42:51.573] [DEBUG] cheese - 12313
[2021-08-06T23:42:51.575] [DEBUG] cheese - null
[2021-08-06T23:42:51.575] [DEBUG] cheese - null
[2021-08-06T23:43:11.047] [DEBUG] cheese - login => username:admin,password:123456
[2021-08-06T23:43:11.047] [DEBUG] cheese - admin
[2021-08-06T23:43:11.049] [DEBUG] cheese - null
[2021-08-06T23:43:11.050] [DEBUG] cheese - null
[2021-08-06T23:43:23.940] [DEBUG] cheese - login => username:12313,password:313131
[2021-08-06T23:43:23.940] [DEBUG] cheese - 12313
[2021-08-06T23:43:23.941] [DEBUG] cheese - null
[2021-08-06T23:43:23.942] [DEBUG] cheese - null
[2021-08-06T23:44:19.572] [DEBUG] cheese - login => username:12312,password:1313131
[2021-08-06T23:44:19.573] [DEBUG] cheese - 12312
[2021-08-06T23:44:19.574] [DEBUG] cheese - null
[2021-08-06T23:44:19.575] [DEBUG] cheese - null
[2021-08-06T23:45:44.309] [DEBUG] cheese - login => username:1231231,password:313131
[2021-08-06T23:45:44.309] [DEBUG] cheese - 1231231
[2021-08-06T23:45:44.311] [DEBUG] cheese - null
[2021-08-06T23:45:44.311] [DEBUG] cheese - null
[2021-08-06T23:45:53.992] [DEBUG] cheese - login => username:123131,password:1313131
[2021-08-06T23:45:53.992] [DEBUG] cheese - 123131
[2021-08-06T23:45:53.994] [DEBUG] cheese - null
[2021-08-06T23:45:53.995] [DEBUG] cheese - null
[2021-08-06T23:47:03.898] [DEBUG] cheese - login => username:132313,password:313131
[2021-08-06T23:47:03.898] [DEBUG] cheese - 132313
[2021-08-06T23:47:03.900] [DEBUG] cheese - null
[2021-08-06T23:47:03.900] [DEBUG] cheese - null
[2021-08-06T23:48:33.403] [DEBUG] cheese - login => username:12313,password:131313
[2021-08-06T23:48:33.403] [DEBUG] cheese - 12313
[2021-08-06T23:48:33.406] [DEBUG] cheese - null
[2021-08-06T23:48:33.406] [DEBUG] cheese - null
[2021-08-06T23:49:15.005] [DEBUG] cheese - login => username:123131,password:1313131
[2021-08-06T23:49:15.005] [DEBUG] cheese - 123131
[2021-08-06T23:49:15.007] [DEBUG] cheese - null
[2021-08-06T23:49:15.008] [DEBUG] cheese - null
[2021-08-06T23:50:03.654] [DEBUG] cheese - login => username:123131,password:313131
[2021-08-06T23:50:03.654] [DEBUG] cheese - 123131
[2021-08-06T23:50:03.656] [DEBUG] cheese - null
[2021-08-06T23:50:03.656] [DEBUG] cheese - null
[2021-08-06T23:50:14.216] [DEBUG] cheese - login => username:admin,password:123456
[2021-08-06T23:50:14.216] [DEBUG] cheese - admin
[2021-08-06T23:50:14.218] [DEBUG] cheese - null
[2021-08-06T23:50:14.218] [DEBUG] cheese - null
[2021-08-07T09:44:10.651] [DEBUG] cheese - login => username:123112,password:3232123
[2021-08-07T09:44:10.652] [DEBUG] cheese - 123112
[2021-08-07T09:44:11.017] [DEBUG] cheese - null
[2021-08-07T09:44:11.018] [DEBUG] cheese - null
[2021-08-07T09:44:29.117] [DEBUG] cheese - login => username:admin,password:123456
[2021-08-07T09:44:29.117] [DEBUG] cheese - admin
[2021-08-07T09:44:29.121] [DEBUG] cheese - null
[2021-08-07T09:44:29.121] [DEBUG] cheese - null
[2021-08-07T09:53:18.573] [DEBUG] cheese - login => username:123131,password:231231
[2021-08-07T09:53:18.573] [DEBUG] cheese - 123131
[2021-08-07T09:53:18.575] [DEBUG] cheese - null
[2021-08-07T09:53:18.575] [DEBUG] cheese - null
[2021-08-07T09:58:42.564] [DEBUG] cheese - login => username:123131,password:2323232
[2021-08-07T09:58:42.565] [DEBUG] cheese - 123131
[2021-08-07T09:58:42.566] [DEBUG] cheese - null
[2021-08-07T09:58:42.566] [DEBUG] cheese - null
[2021-08-07T09:59:28.340] [DEBUG] cheese - login => username:12331,password:123132
[2021-08-07T09:59:28.340] [DEBUG] cheese - 12331
[2021-08-07T09:59:28.341] [DEBUG] cheese - null
[2021-08-07T09:59:28.342] [DEBUG] cheese - null
[2021-08-07T09:59:38.772] [DEBUG] cheese - login => username:admin,password:123456
[2021-08-07T09:59:38.772] [DEBUG] cheese - admin
[2021-08-07T09:59:38.775] [DEBUG] cheese - null
[2021-08-07T09:59:38.775] [DEBUG] cheese - null
[2021-08-07T10:01:53.175] [DEBUG] cheese - login => username:adad,password:adadada
[2021-08-07T10:01:53.175] [DEBUG] cheese - adad
[2021-08-07T10:01:53.177] [DEBUG] cheese - null
[2021-08-07T10:01:53.177] [DEBUG] cheese - null
[2021-08-07T10:02:14.369] [DEBUG] cheese - login => username:admin,password:123456
[2021-08-07T10:02:14.369] [DEBUG] cheese - admin
[2021-08-07T10:02:14.371] [DEBUG] cheese - null
[2021-08-07T10:02:14.371] [DEBUG] cheese - null
[2021-08-07T10:13:35.127] [DEBUG] cheese - login => username:admin,password:123456
[2021-08-07T10:13:35.127] [DEBUG] cheese - admin
[2021-08-07T10:13:35.129] [DEBUG] cheese - null
[2021-08-07T10:13:35.129] [DEBUG] cheese - null
[2021-08-07T10:19:04.162] [DEBUG] cheese - login => username:admin,password:123456
[2021-08-07T10:19:04.162] [DEBUG] cheese - admin
[2021-08-07T10:19:04.164] [DEBUG] cheese - null
[2021-08-07T10:19:04.164] [DEBUG] cheese - null
[2021-08-07T10:23:39.861] [DEBUG] cheese - login => username:admin,password:123456
[2021-08-07T10:23:39.861] [DEBUG] cheese - admin
[2021-08-07T10:23:39.863] [DEBUG] cheese - null
[2021-08-07T10:23:39.863] [DEBUG] cheese - null
[2021-08-07T10:24:41.283] [DEBUG] cheese - login => username:admin,password:123456
[2021-08-07T10:24:41.283] [DEBUG] cheese - admin
[2021-08-07T10:24:41.284] [DEBUG] cheese - null
[2021-08-07T10:24:41.285] [DEBUG] cheese - null
[2021-08-07T10:25:30.729] [DEBUG] cheese - login => username:admin,password:123456
[2021-08-07T10:25:30.729] [DEBUG] cheese - admin
[2021-08-07T10:25:30.730] [DEBUG] cheese - null
[2021-08-07T10:25:30.730] [DEBUG] cheese - null
[2021-08-07T10:27:57.884] [DEBUG] cheese - login => username:admin,password:123456
[2021-08-07T10:27:57.884] [DEBUG] cheese - admin
[2021-08-07T10:27:57.886] [DEBUG] cheese - null
[2021-08-07T10:27:57.887] [DEBUG] cheese - null
[2021-08-07T10:30:22.119] [DEBUG] cheese - login => username:admin,password:123456
[2021-08-07T10:30:22.121] [DEBUG] cheese - admin
[2021-08-07T10:30:22.123] [DEBUG] cheese - null
[2021-08-07T10:30:22.123] [DEBUG] cheese - null
[2021-08-07T11:09:07.168] [DEBUG] cheese - login => username:admin,password:123456
[2021-08-07T11:09:07.169] [DEBUG] cheese - admin
[2021-08-07T11:09:07.172] [DEBUG] cheese - null
[2021-08-07T11:09:07.172] [DEBUG] cheese - null
[2021-08-07T11:14:47.164] [DEBUG] cheese - login => username:admin,password:123456
[2021-08-07T11:14:47.164] [DEBUG] cheese - admin
[2021-08-07T11:14:47.167] [DEBUG] cheese - null
[2021-08-07T11:14:47.167] [DEBUG] cheese - null
[2021-08-07T11:15:20.144] [DEBUG] cheese - login => username:admin,password:123456
[2021-08-07T11:15:20.145] [DEBUG] cheese - admin
[2021-08-07T11:15:20.146] [DEBUG] cheese - null
[2021-08-07T11:15:20.146] [DEBUG] cheese - null
[2021-08-07T11:17:22.082] [DEBUG] cheese - login => username:admin,password:123456
[2021-08-07T11:17:22.082] [DEBUG] cheese - admin
[2021-08-07T11:17:22.084] [DEBUG] cheese - null
[2021-08-07T11:17:22.084] [DEBUG] cheese - null
[2021-08-07T11:19:57.098] [DEBUG] cheese - login => username:admin,password:123456
[2021-08-07T11:19:57.098] [DEBUG] cheese - admin
[2021-08-07T11:19:57.100] [DEBUG] cheese - null
[2021-08-07T11:19:57.100] [DEBUG] cheese - null
[2021-08-07T11:20:00.190] [DEBUG] cheese - login => username:admin,password:123456
[2021-08-07T11:20:00.190] [DEBUG] cheese - admin
[2021-08-07T11:20:00.191] [DEBUG] cheese - null
[2021-08-07T11:20:00.191] [DEBUG] cheese - null
[2021-08-07T11:20:06.034] [DEBUG] cheese - login => username:admin,password:123456
[2021-08-07T11:20:06.034] [DEBUG] cheese - admin
[2021-08-07T11:20:06.036] [DEBUG] cheese - null
[2021-08-07T11:20:06.036] [DEBUG] cheese - null
[2021-08-07T11:20:13.619] [DEBUG] cheese - login => username:admin,password:123456
[2021-08-07T11:20:13.619] [DEBUG] cheese - admin
[2021-08-07T11:20:13.622] [DEBUG] cheese - null
[2021-08-07T11:20:13.622] [DEBUG] cheese - null
[2021-08-07T11:20:15.732] [DEBUG] cheese - login => username:admin,password:123456
[2021-08-07T11:20:15.732] [DEBUG] cheese - admin
[2021-08-07T11:20:15.735] [DEBUG] cheese - null
[2021-08-07T11:20:15.735] [DEBUG] cheese - null
[2021-08-07T11:29:58.936] [DEBUG] cheese - login => username:admin,password:123456
[2021-08-07T11:29:58.937] [DEBUG] cheese - admin
[2021-08-07T11:29:58.939] [DEBUG] cheese - null
[2021-08-07T11:29:58.939] [DEBUG] cheese - null
[2021-08-07T11:30:01.123] [DEBUG] cheese - login => username:admin,password:123456
[2021-08-07T11:30:01.123] [DEBUG] cheese - admin
[2021-08-07T11:30:01.126] [DEBUG] cheese - null
[2021-08-07T11:30:01.126] [DEBUG] cheese - null
[2021-08-07T13:43:06.463] [DEBUG] cheese - login => username:admin,password:123456
[2021-08-07T13:43:06.463] [DEBUG] cheese - admin
[2021-08-07T13:43:06.465] [DEBUG] cheese - null
[2021-08-07T13:43:06.466] [DEBUG] cheese - null
[2021-08-07T13:43:14.282] [DEBUG] cheese - login => username:admin123,password:123456123
[2021-08-07T13:43:14.282] [DEBUG] cheese - admin123
[2021-08-07T13:43:14.284] [DEBUG] cheese - null
[2021-08-07T13:43:14.284] [DEBUG] cheese - null
[2021-08-07T13:43:20.324] [DEBUG] cheese - login => username:adm,password:123456123
[2021-08-07T13:43:20.324] [DEBUG] cheese - adm
[2021-08-07T13:43:20.325] [DEBUG] cheese - null
[2021-08-07T13:43:20.325] [DEBUG] cheese - null
[2021-08-07T13:43:24.269] [DEBUG] cheese - login => username:admin,password:123456
[2021-08-07T13:43:24.269] [DEBUG] cheese - admin
[2021-08-07T13:43:24.271] [DEBUG] cheese - null
[2021-08-07T13:43:24.271] [DEBUG] cheese - null
[2021-08-07T14:12:15.694] [DEBUG] cheese - login => username:admin,password:123456
[2021-08-07T14:12:15.695] [DEBUG] cheese - admin
[2021-08-07T14:12:15.698] [DEBUG] cheese - null
[2021-08-07T14:12:15.698] [DEBUG] cheese - null
[2021-08-07T14:47:06.546] [DEBUG] cheese - login => username:admin,password:123456
[2021-08-07T14:47:06.546] [DEBUG] cheese - admin
[2021-08-07T14:47:06.549] [DEBUG] cheese - null
[2021-08-07T14:47:06.550] [DEBUG] cheese - null
[2021-08-07T14:47:14.616] [DEBUG] cheese - login => username:admin,password:123456
[2021-08-07T14:47:14.616] [DEBUG] cheese - admin
[2021-08-07T14:47:14.619] [DEBUG] cheese - null
[2021-08-07T14:47:14.619] [DEBUG] cheese - null
[2021-08-07T19:37:20.180] [DEBUG] cheese - login => username:admin,password:123456
[2021-08-07T19:37:20.181] [DEBUG] cheese - admin
[2021-08-07T19:37:20.188] [DEBUG] cheese - null
[2021-08-07T19:37:20.188] [DEBUG] cheese - null
[2021-08-07T19:37:48.576] [DEBUG] cheese - login => username:admin,password:123456
[2021-08-07T19:37:48.576] [DEBUG] cheese - admin
[2021-08-07T19:37:48.580] [DEBUG] cheese - null
[2021-08-07T19:37:48.580] [DEBUG] cheese - null
[2021-08-07T19:37:54.197] [DEBUG] cheese - login => username:admin,password:123456
[2021-08-07T19:37:54.197] [DEBUG] cheese - admin
[2021-08-07T19:37:54.199] [DEBUG] cheese - null
[2021-08-07T19:37:54.199] [DEBUG] cheese - null
[2021-08-07T19:39:15.463] [DEBUG] cheese - login => username:admin,password:123456
[2021-08-07T19:39:15.463] [DEBUG] cheese - admin
[2021-08-07T19:39:15.467] [DEBUG] cheese - null
[2021-08-07T19:39:15.467] [DEBUG] cheese - null
[2021-08-07T19:39:22.426] [DEBUG] cheese - login => username:admin,password:123456
[2021-08-07T19:39:22.426] [DEBUG] cheese - admin
[2021-08-07T19:39:22.428] [DEBUG] cheese - null
[2021-08-07T19:39:22.428] [DEBUG] cheese - null
[2021-08-07T19:40:38.534] [DEBUG] cheese - login => username:admin,password:123456
[2021-08-07T19:40:38.534] [DEBUG] cheese - admin
[2021-08-07T19:40:38.538] [DEBUG] cheese - null
[2021-08-07T19:40:38.538] [DEBUG] cheese - null
[2021-08-07T19:41:02.543] [DEBUG] cheese - login => username:admin,password:123456
[2021-08-07T19:41:02.543] [DEBUG] cheese - admin
[2021-08-07T19:41:02.545] [DEBUG] cheese - null
[2021-08-07T19:41:02.545] [DEBUG] cheese - null
[2021-08-07T19:42:36.771] [DEBUG] cheese - login => username:admin,password:123456
[2021-08-07T19:42:36.772] [DEBUG] cheese - admin
[2021-08-07T19:42:36.774] [DEBUG] cheese - null
[2021-08-07T19:42:36.774] [DEBUG] cheese - null
[2021-08-07T19:48:05.521] [DEBUG] cheese - login => username:admin,password:123456
[2021-08-07T19:48:05.521] [DEBUG] cheese - admin
[2021-08-07T19:48:05.524] [DEBUG] cheese - null
[2021-08-07T19:48:05.524] [DEBUG] cheese - null
[2021-08-07T19:48:13.016] [DEBUG] cheese - login => username:admin,password:123456
[2021-08-07T19:48:13.016] [DEBUG] cheese - admin
[2021-08-07T19:48:13.018] [DEBUG] cheese - null
[2021-08-07T19:48:13.018] [DEBUG] cheese - null
[2021-08-07T20:14:30.804] [DEBUG] cheese - login => username:admin,password:123456
[2021-08-07T20:14:30.805] [DEBUG] cheese - admin
[2021-08-07T20:14:30.807] [DEBUG] cheese - null
[2021-08-07T20:14:30.807] [DEBUG] cheese - null
[2021-08-07T20:15:26.291] [DEBUG] cheese - login => username:admin,password:123456
[2021-08-07T20:15:26.291] [DEBUG] cheese - admin
[2021-08-07T20:15:26.293] [DEBUG] cheese - null
[2021-08-07T20:15:26.293] [DEBUG] cheese - null
[2021-08-07T21:06:36.141] [DEBUG] cheese - login => username:admin,password:123456
[2021-08-07T21:06:36.141] [DEBUG] cheese - admin
[2021-08-07T21:06:36.145] [DEBUG] cheese - null
[2021-08-07T21:06:36.145] [DEBUG] cheese - null
[2021-08-08T10:11:51.026] [DEBUG] cheese - login => username:admin,password:123456
[2021-08-08T10:11:51.027] [DEBUG] cheese - admin
[2021-08-08T10:11:51.182] [DEBUG] cheese - null
[2021-08-08T10:11:51.182] [DEBUG] cheese - null
[2021-08-08T11:12:45.200] [DEBUG] cheese - login => username:admin,password:123456
[2021-08-08T11:12:45.201] [DEBUG] cheese - admin
[2021-08-08T11:12:45.206] [DEBUG] cheese - null
[2021-08-08T11:12:45.206] [DEBUG] cheese - null
[2021-08-08T11:12:47.904] [DEBUG] cheese - login => username:admin,password:123456
[2021-08-08T11:12:47.904] [DEBUG] cheese - admin
[2021-08-08T11:12:47.906] [DEBUG] cheese - null
[2021-08-08T11:12:47.906] [DEBUG] cheese - null
[2021-08-08T11:12:49.242] [DEBUG] cheese - login => username:admin,password:123456
[2021-08-08T11:12:49.242] [DEBUG] cheese - admin
[2021-08-08T11:12:49.244] [DEBUG] cheese - null
[2021-08-08T11:12:49.244] [DEBUG] cheese - null
[2021-08-08T11:13:00.386] [DEBUG] cheese - login => username:admin,password:123456
[2021-08-08T11:13:00.386] [DEBUG] cheese - admin
[2021-08-08T11:13:00.390] [DEBUG] cheese - null
[2021-08-08T11:13:00.390] [DEBUG] cheese - null
[2021-08-08T11:13:01.889] [DEBUG] cheese - login => username:admin,password:123456
[2021-08-08T11:13:01.889] [DEBUG] cheese - admin
[2021-08-08T11:13:01.891] [DEBUG] cheese - null
[2021-08-08T11:13:01.891] [DEBUG] cheese - null
[2021-08-08T11:39:42.664] [DEBUG] cheese - login => username:admin,password:123456
[2021-08-08T11:39:42.664] [DEBUG] cheese - admin
[2021-08-08T11:39:42.666] [DEBUG] cheese - null
[2021-08-08T11:39:42.666] [DEBUG] cheese - null
[2021-08-08T12:33:46.433] [DEBUG] cheese - login => username:admin,password:123456
[2021-08-08T12:33:46.433] [DEBUG] cheese - admin
[2021-08-08T12:33:46.436] [DEBUG] cheese - null
[2021-08-08T12:33:46.436] [DEBUG] cheese - null
[2021-08-08T12:52:03.962] [DEBUG] cheese - login => username:admin,password:123456
[2021-08-08T12:52:03.962] [DEBUG] cheese - admin
[2021-08-08T12:52:03.964] [DEBUG] cheese - null
[2021-08-08T12:52:03.964] [DEBUG] cheese - null
[2021-08-08T12:53:59.081] [DEBUG] cheese - login => username:admin,password:123456
[2021-08-08T12:53:59.081] [DEBUG] cheese - admin
[2021-08-08T12:53:59.085] [DEBUG] cheese - null
[2021-08-08T12:53:59.085] [DEBUG] cheese - null
[2021-08-08T13:05:30.547] [DEBUG] cheese - login => username:admin,password:123456
[2021-08-08T13:05:30.547] [DEBUG] cheese - admin
[2021-08-08T13:05:30.549] [DEBUG] cheese - null
[2021-08-08T13:05:30.549] [DEBUG] cheese - null
[2021-08-08T13:06:19.333] [DEBUG] cheese - login => username:admin,password:123456
[2021-08-08T13:06:19.333] [DEBUG] cheese - admin
[2021-08-08T13:06:19.335] [DEBUG] cheese - null
[2021-08-08T13:06:19.335] [DEBUG] cheese - null
[2021-08-08T13:07:53.288] [DEBUG] cheese - login => username:admin,password:123456
[2021-08-08T13:07:53.288] [DEBUG] cheese - admin
[2021-08-08T13:07:53.290] [DEBUG] cheese - null
[2021-08-08T13:07:53.290] [DEBUG] cheese - null
[2021-08-08T13:08:03.069] [DEBUG] cheese - login => username:admin,password:123456
[2021-08-08T13:08:03.069] [DEBUG] cheese - admin
[2021-08-08T13:08:03.071] [DEBUG] cheese - null
[2021-08-08T13:08:03.071] [DEBUG] cheese - null
[2021-08-08T13:08:53.584] [DEBUG] cheese - login => username:admin,password:123456
[2021-08-08T13:08:53.584] [DEBUG] cheese - admin
[2021-08-08T13:08:53.585] [DEBUG] cheese - null
[2021-08-08T13:08:53.585] [DEBUG] cheese - null
[2021-08-08T13:09:14.791] [DEBUG] cheese - login => username:admin,password:123456
[2021-08-08T13:09:14.792] [DEBUG] cheese - admin
[2021-08-08T13:09:14.794] [DEBUG] cheese - null
[2021-08-08T13:09:14.794] [DEBUG] cheese - null
[2021-08-08T13:09:16.976] [DEBUG] cheese - login => username:admin,password:123456
[2021-08-08T13:09:16.977] [DEBUG] cheese - admin
[2021-08-08T13:09:16.978] [DEBUG] cheese - null
[2021-08-08T13:09:16.978] [DEBUG] cheese - null
[2021-08-08T13:09:21.948] [DEBUG] cheese - login => username:admin,password:123456
[2021-08-08T13:09:21.948] [DEBUG] cheese - admin
[2021-08-08T13:09:21.949] [DEBUG] cheese - null
[2021-08-08T13:09:21.949] [DEBUG] cheese - null
[2021-08-08T13:09:45.543] [DEBUG] cheese - login => username:admin,password:123456
[2021-08-08T13:09:45.544] [DEBUG] cheese - admin
[2021-08-08T13:09:45.545] [DEBUG] cheese - null
[2021-08-08T13:09:45.545] [DEBUG] cheese - null
[2021-08-08T13:14:00.634] [DEBUG] cheese - login => username:admin,password:123456
[2021-08-08T13:14:00.634] [DEBUG] cheese - admin
[2021-08-08T13:14:00.636] [DEBUG] cheese - null
[2021-08-08T13:14:00.636] [DEBUG] cheese - null
[2021-08-08T13:16:28.293] [DEBUG] cheese - login => username:admin,password:123456
[2021-08-08T13:16:28.294] [DEBUG] cheese - admin
[2021-08-08T13:16:28.296] [DEBUG] cheese - null
[2021-08-08T13:16:28.296] [DEBUG] cheese - null
[2021-08-08T13:23:18.454] [DEBUG] cheese - login => username:admin,password:123456
[2021-08-08T13:23:18.454] [DEBUG] cheese - admin
[2021-08-08T13:23:18.457] [DEBUG] cheese - null
[2021-08-08T13:23:18.457] [DEBUG] cheese - null
[2021-08-08T13:24:12.670] [DEBUG] cheese - login => username:admin,password:123456
[2021-08-08T13:24:12.670] [DEBUG] cheese - admin
[2021-08-08T13:24:12.671] [DEBUG] cheese - null
[2021-08-08T13:24:12.672] [DEBUG] cheese - null
[2021-08-08T13:24:39.899] [DEBUG] cheese - login => username:admin,password:123456
[2021-08-08T13:24:39.900] [DEBUG] cheese - admin
[2021-08-08T13:24:39.901] [DEBUG] cheese - null
[2021-08-08T13:24:39.901] [DEBUG] cheese - null
[2021-08-08T13:33:36.472] [DEBUG] cheese - login => username:admin,password:123456
[2021-08-08T13:33:36.472] [DEBUG] cheese - admin
[2021-08-08T13:33:36.474] [DEBUG] cheese - null
[2021-08-08T13:33:36.474] [DEBUG] cheese - null
[2021-08-08T13:34:08.232] [DEBUG] cheese - login => username:admin,password:123456
[2021-08-08T13:34:08.232] [DEBUG] cheese - admin
[2021-08-08T13:34:08.234] [DEBUG] cheese - null
[2021-08-08T13:34:08.234] [DEBUG] cheese - null
[2021-08-08T13:35:30.102] [DEBUG] cheese - login => username:admin,password:123456
[2021-08-08T13:35:30.103] [DEBUG] cheese - admin
[2021-08-08T13:35:30.105] [DEBUG] cheese - null
[2021-08-08T13:35:30.105] [DEBUG] cheese - null
[2021-08-08T13:36:19.683] [DEBUG] cheese - login => username:admin,password:123456
[2021-08-08T13:36:19.684] [DEBUG] cheese - admin
[2021-08-08T13:36:19.685] [DEBUG] cheese - null
[2021-08-08T13:36:19.685] [DEBUG] cheese - null
[2021-08-08T15:03:47.263] [DEBUG] cheese - login => username:admin,password:123456
[2021-08-08T15:03:47.263] [DEBUG] cheese - admin
[2021-08-08T15:03:47.267] [DEBUG] cheese - null
[2021-08-08T15:03:47.267] [DEBUG] cheese - null
[2021-08-08T15:03:53.170] [DEBUG] cheese - login => username:admin,password:123456
[2021-08-08T15:03:53.170] [DEBUG] cheese - admin
[2021-08-08T15:03:53.172] [DEBUG] cheese - null
[2021-08-08T15:03:53.172] [DEBUG] cheese - null
[2021-08-08T15:04:54.432] [DEBUG] cheese - login => username:admin,password:123456
[2021-08-08T15:04:54.432] [DEBUG] cheese - admin
[2021-08-08T15:04:54.434] [DEBUG] cheese - null
[2021-08-08T15:04:54.434] [DEBUG] cheese - null
[2021-08-08T15:04:56.092] [DEBUG] cheese - login => username:admin,password:123456
[2021-08-08T15:04:56.092] [DEBUG] cheese - admin
[2021-08-08T15:04:56.093] [DEBUG] cheese - null
[2021-08-08T15:04:56.093] [DEBUG] cheese - null
[2021-08-08T15:05:12.200] [DEBUG] cheese - login => username:admin,password:123456
[2021-08-08T15:05:12.200] [DEBUG] cheese - admin
[2021-08-08T15:05:12.202] [DEBUG] cheese - null
[2021-08-08T15:05:12.202] [DEBUG] cheese - null
[2021-08-08T15:05:32.004] [DEBUG] cheese - login => username:admin,password:123456
[2021-08-08T15:05:32.004] [DEBUG] cheese - admin
[2021-08-08T15:05:32.006] [DEBUG] cheese - null
[2021-08-08T15:05:32.006] [DEBUG] cheese - null
[2021-08-08T15:28:00.624] [DEBUG] cheese - login => username:admin,password:123456
[2021-08-08T15:28:00.624] [DEBUG] cheese - admin
[2021-08-08T15:28:00.626] [DEBUG] cheese - null
[2021-08-08T15:28:00.626] [DEBUG] cheese - null
[2021-08-08T16:18:17.377] [DEBUG] cheese - login => username:admin,password:123456
[2021-08-08T16:18:17.378] [DEBUG] cheese - admin
[2021-08-08T16:18:17.382] [DEBUG] cheese - null
[2021-08-08T16:18:17.382] [DEBUG] cheese - null
[2021-08-08T17:30:35.246] [DEBUG] cheese - login => username:admin,password:123456
[2021-08-08T17:30:35.247] [DEBUG] cheese - admin
[2021-08-08T17:30:35.250] [DEBUG] cheese - null
[2021-08-08T17:30:35.250] [DEBUG] cheese - null
[2021-08-08T17:41:55.457] [DEBUG] cheese - login => username:admin,password:123456
[2021-08-08T17:41:55.457] [DEBUG] cheese - admin
[2021-08-08T17:41:55.460] [DEBUG] cheese - null
[2021-08-08T17:41:55.460] [DEBUG] cheese - null
[2021-08-08T17:42:45.533] [DEBUG] cheese - login => username:admin,password:123456
[2021-08-08T17:42:45.533] [DEBUG] cheese - admin
[2021-08-08T17:42:45.534] [DEBUG] cheese - null
[2021-08-08T17:42:45.534] [DEBUG] cheese - null
[2021-08-08T17:42:59.983] [DEBUG] cheese - login => username:admin,password:123456
[2021-08-08T17:42:59.983] [DEBUG] cheese - admin
[2021-08-08T17:42:59.985] [DEBUG] cheese - null
[2021-08-08T17:42:59.985] [DEBUG] cheese - null
[2021-08-08T17:44:00.039] [DEBUG] cheese - login => username:admin,password:123456
[2021-08-08T17:44:00.039] [DEBUG] cheese - admin
[2021-08-08T17:44:00.041] [DEBUG] cheese - null
[2021-08-08T17:44:00.041] [DEBUG] cheese - null
[2021-08-08T17:58:46.619] [DEBUG] cheese - login => username:admin,password:123456
[2021-08-08T17:58:46.619] [DEBUG] cheese - admin
[2021-08-08T17:58:46.621] [DEBUG] cheese - null
[2021-08-08T17:58:46.621] [DEBUG] cheese - null
[2021-08-08T19:58:02.845] [DEBUG] cheese - login => username:admin,password:123456
[2021-08-08T19:58:02.845] [DEBUG] cheese - admin
[2021-08-08T19:58:02.849] [DEBUG] cheese - null
[2021-08-08T19:58:02.849] [DEBUG] cheese - null
[2021-08-08T20:54:34.333] [DEBUG] cheese - login => username:admin,password:123456
[2021-08-08T20:54:34.333] [DEBUG] cheese - admin
[2021-08-08T20:54:34.338] [DEBUG] cheese - null
[2021-08-08T20:54:34.338] [DEBUG] cheese - null
[2021-08-09T00:43:09.174] [DEBUG] cheese - login => username:admin,password:123456
[2021-08-09T00:43:09.174] [DEBUG] cheese - admin
[2021-08-09T00:43:09.177] [DEBUG] cheese - null
[2021-08-09T00:43:09.177] [DEBUG] cheese - null
[2021-08-09T00:59:18.715] [DEBUG] cheese - login => username:admin,password:123456
[2021-08-09T00:59:18.717] [DEBUG] cheese - admin
[2021-08-09T00:59:18.722] [DEBUG] cheese - null
[2021-08-09T00:59:18.723] [DEBUG] cheese - null
[2021-08-09T01:07:59.838] [DEBUG] cheese - login => username:admin,password:123456
[2021-08-09T01:07:59.838] [DEBUG] cheese - admin
[2021-08-09T01:07:59.840] [DEBUG] cheese - null
[2021-08-09T01:07:59.841] [DEBUG] cheese - null
[2021-08-09T01:09:00.804] [DEBUG] cheese - login => username:admin,password:123456
[2021-08-09T01:09:00.805] [DEBUG] cheese - admin
[2021-08-09T01:09:00.807] [DEBUG] cheese - null
[2021-08-09T01:09:00.807] [DEBUG] cheese - null
[2021-08-09T01:33:34.517] [DEBUG] cheese - login => username:admin,password:123456
[2021-08-09T01:33:34.517] [DEBUG] cheese - admin
[2021-08-09T01:33:34.519] [DEBUG] cheese - null
[2021-08-09T01:33:34.519] [DEBUG] cheese - null
[2021-08-09T01:33:39.844] [DEBUG] cheese - login => username:admin,password:123456
[2021-08-09T01:33:39.845] [DEBUG] cheese - admin
[2021-08-09T01:33:39.846] [DEBUG] cheese - null
[2021-08-09T01:33:39.846] [DEBUG] cheese - null
[2021-08-09T01:34:05.733] [DEBUG] cheese - login => username:admin,password:123456
[2021-08-09T01:34:05.733] [DEBUG] cheese - admin
[2021-08-09T01:34:05.735] [DEBUG] cheese - null
[2021-08-09T01:34:05.735] [DEBUG] cheese - null
[2021-08-09T01:34:10.376] [DEBUG] cheese - login => username:admin,password:123456
[2021-08-09T01:34:10.377] [DEBUG] cheese - admin
[2021-08-09T01:34:10.379] [DEBUG] cheese - null
[2021-08-09T01:34:10.379] [DEBUG] cheese - null
[2021-08-09T01:34:44.078] [DEBUG] cheese - login => username:admin,password:123456
[2021-08-09T01:34:44.078] [DEBUG] cheese - admin
[2021-08-09T01:34:44.081] [DEBUG] cheese - null
[2021-08-09T01:36:28.711] [DEBUG] cheese - login => username:admin,password:123456
[2021-08-09T01:36:28.712] [DEBUG] cheese - admin
[2021-08-09T01:36:28.718] [DEBUG] cheese - null
[2021-08-09T01:36:28.718] [DEBUG] cheese - null
[2021-08-09T09:53:02.105] [DEBUG] cheese - login => username:admin,password:123456
[2021-08-09T09:53:02.106] [DEBUG] cheese - admin
[2021-08-09T09:53:02.223] [DEBUG] cheese - null
[2021-08-09T09:53:02.224] [DEBUG] cheese - null
[2021-08-09T11:38:46.654] [DEBUG] cheese - login => username:admin,password:123456
[2021-08-09T11:38:46.655] [DEBUG] cheese - admin
[2021-08-09T11:38:46.659] [DEBUG] cheese - null
[2021-08-09T11:38:46.659] [DEBUG] cheese - null
[2021-08-09T11:38:48.256] [DEBUG] cheese - login => username:admin,password:123456
[2021-08-09T11:38:48.256] [DEBUG] cheese - admin
[2021-08-09T11:38:48.258] [DEBUG] cheese - null
[2021-08-09T11:38:48.258] [DEBUG] cheese - null
[2021-08-09T11:38:50.888] [DEBUG] cheese - login => username:admin,password:123456
[2021-08-09T11:38:50.889] [DEBUG] cheese - admin
[2021-08-09T11:38:50.890] [DEBUG] cheese - null
[2021-08-09T11:38:50.890] [DEBUG] cheese - null
[2021-08-09T17:04:01.029] [DEBUG] cheese - login => username:admin13,password:123456
[2021-08-09T17:04:01.030] [DEBUG] cheese - admin13
[2021-08-09T17:04:01.033] [DEBUG] cheese - null
[2021-08-09T17:04:01.034] [DEBUG] cheese - null
[2021-08-09T17:04:03.445] [DEBUG] cheese - login => username:admin,password:123456
[2021-08-09T17:04:03.445] [DEBUG] cheese - admin
[2021-08-09T17:04:03.447] [DEBUG] cheese - null
[2021-08-09T17:04:03.447] [DEBUG] cheese - null
[2021-08-09T17:23:45.678] [DEBUG] cheese - login => username:admin1,password:123456
[2021-08-09T17:23:45.678] [DEBUG] cheese - admin1
[2021-08-09T17:23:45.679] [DEBUG] cheese - null
[2021-08-09T17:23:45.679] [DEBUG] cheese - null
[2021-08-09T17:23:52.321] [DEBUG] cheese - login => username:admin,password:123456
[2021-08-09T17:23:52.321] [DEBUG] cheese - admin
[2021-08-09T17:23:52.323] [DEBUG] cheese - null
[2021-08-09T17:23:52.323] [DEBUG] cheese - null
[2021-08-09T20:11:20.094] [DEBUG] cheese - login => username:admin,password:123456
[2021-08-09T20:11:20.094] [DEBUG] cheese - admin
[2021-08-09T20:11:20.096] [DEBUG] cheese - null
[2021-08-09T20:11:20.096] [DEBUG] cheese - null
[2021-08-09T20:11:50.019] [DEBUG] cheese - login => username:admin,password:123456
[2021-08-09T20:11:50.019] [DEBUG] cheese - admin
[2021-08-09T20:11:50.020] [DEBUG] cheese - null
[2021-08-09T20:11:50.020] [DEBUG] cheese - null
[2021-08-09T20:12:47.459] [DEBUG] cheese - login => username:admin,password:123456
[2021-08-09T20:12:47.459] [DEBUG] cheese - admin
[2021-08-09T20:12:47.460] [DEBUG] cheese - null
[2021-08-09T20:12:47.460] [DEBUG] cheese - null
[2021-08-09T20:54:47.751] [DEBUG] cheese - login => username:admin,password:123456
[2021-08-09T20:54:47.751] [DEBUG] cheese - admin
[2021-08-09T20:54:47.754] [DEBUG] cheese - null
[2021-08-09T20:54:47.754] [DEBUG] cheese - null
[2021-08-09T21:09:51.943] [DEBUG] cheese - login => username:admin,password:123456
[2021-08-09T21:09:51.943] [DEBUG] cheese - admin
[2021-08-09T21:09:51.945] [DEBUG] cheese - null
[2021-08-09T21:09:51.946] [DEBUG] cheese - null
[2021-08-09T21:12:38.206] [DEBUG] cheese - login => username:admin,password:123456
[2021-08-09T21:12:38.206] [DEBUG] cheese - admin
[2021-08-09T21:12:38.207] [DEBUG] cheese - null
[2021-08-09T21:12:38.207] [DEBUG] cheese - null
[2021-08-09T21:15:42.030] [DEBUG] cheese - login => username:admin,password:123456
[2021-08-09T21:15:42.030] [DEBUG] cheese - admin
[2021-08-09T21:15:42.032] [DEBUG] cheese - null
[2021-08-09T21:15:42.032] [DEBUG] cheese - null
[2021-08-09T21:16:19.800] [DEBUG] cheese - login => username:admin,password:123456
[2021-08-09T21:16:19.801] [DEBUG] cheese - admin
[2021-08-09T21:16:19.802] [DEBUG] cheese - null
[2021-08-09T21:16:19.802] [DEBUG] cheese - null
[2021-08-09T21:18:35.734] [DEBUG] cheese - login => username:admin,password:123456
[2021-08-09T21:18:35.734] [DEBUG] cheese - admin
[2021-08-09T21:18:35.736] [DEBUG] cheese - null
[2021-08-09T21:18:35.736] [DEBUG] cheese - null
[2021-08-09T21:36:53.559] [DEBUG] cheese - login => username:admin,password:123456
[2021-08-09T21:36:53.559] [DEBUG] cheese - admin
[2021-08-09T21:36:53.561] [DEBUG] cheese - null
[2021-08-09T21:36:53.561] [DEBUG] cheese - null
[2021-08-10T00:17:21.204] [DEBUG] cheese - login => username:admin,password:123456
[2021-08-10T00:17:21.205] [DEBUG] cheese - admin
[2021-08-10T00:17:21.209] [DEBUG] cheese - null
[2021-08-10T00:17:21.209] [DEBUG] cheese - null
[2021-08-10T10:29:36.497] [DEBUG] cheese - login => username:admin,password:123456
[2021-08-10T10:29:36.499] [DEBUG] cheese - admin
[2021-08-10T10:29:36.726] [DEBUG] cheese - null
[2021-08-10T10:29:36.727] [DEBUG] cheese - null
[2021-08-10T13:21:02.726] [DEBUG] cheese - login => username:admin,password:123456
[2021-08-10T13:21:02.726] [DEBUG] cheese - admin
[2021-08-10T13:21:02.729] [DEBUG] cheese - null
[2021-08-10T13:21:02.729] [DEBUG] cheese - null
[2021-08-10T13:21:25.150] [DEBUG] cheese - login => username:admin,password:123456
[2021-08-10T13:21:25.151] [DEBUG] cheese - admin
[2021-08-10T13:21:25.152] [DEBUG] cheese - null
[2021-08-10T13:21:25.152] [DEBUG] cheese - null
[2021-08-10T13:33:34.434] [DEBUG] cheese - login => username:admin,password:123456
[2021-08-10T13:33:34.435] [DEBUG] cheese - admin
[2021-08-10T13:33:34.436] [DEBUG] cheese - null
[2021-08-10T13:33:34.436] [DEBUG] cheese - null
[2021-08-10T13:33:43.758] [DEBUG] cheese - login => username:admin,password:123456
[2021-08-10T13:33:43.758] [DEBUG] cheese - admin
[2021-08-10T13:33:43.760] [DEBUG] cheese - null
[2021-08-10T13:33:43.760] [DEBUG] cheese - null
[2021-08-10T13:34:17.405] [DEBUG] cheese - login => username:admin,password:123456
[2021-08-10T13:34:17.406] [DEBUG] cheese - admin
[2021-08-10T13:34:17.407] [DEBUG] cheese - null
[2021-08-10T13:34:17.407] [DEBUG] cheese - null
[2021-08-10T13:34:20.388] [DEBUG] cheese - login => username:admin,password:123456
[2021-08-10T13:34:20.388] [DEBUG] cheese - admin
[2021-08-10T13:34:20.390] [DEBUG] cheese - null
[2021-08-10T13:34:20.390] [DEBUG] cheese - null
[2021-08-10T13:45:34.266] [DEBUG] cheese - login => username:admin,password:123456
[2021-08-10T13:45:34.266] [DEBUG] cheese - admin
[2021-08-10T13:45:34.268] [DEBUG] cheese - null
[2021-08-10T13:45:34.268] [DEBUG] cheese - null
[2021-08-10T13:56:57.626] [DEBUG] cheese - login => username:admin,password:123456
[2021-08-10T13:56:57.626] [DEBUG] cheese - admin
[2021-08-10T13:56:57.628] [DEBUG] cheese - null
[2021-08-10T13:56:57.628] [DEBUG] cheese - null
[2021-08-11T13:29:53.409] [DEBUG] cheese - login => username:admin,password:123456
[2021-08-11T13:29:53.412] [DEBUG] cheese - admin
[2021-08-11T13:29:53.415] [DEBUG] cheese - null
[2021-08-11T13:29:53.416] [DEBUG] cheese - null
[2021-08-11T13:59:08.094] [DEBUG] cheese - null
[2021-08-11T13:59:22.540] [DEBUG] cheese - null
[2021-08-11T14:12:49.088] [DEBUG] cheese - null
[2021-08-11T14:13:52.631] [DEBUG] cheese - null
[2021-08-11T14:14:25.752] [DEBUG] cheese - null
[2021-08-11T14:19:08.817] [DEBUG] cheese - null
[2021-08-11T14:19:12.017] [DEBUG] cheese - null
[2021-08-11T14:19:14.560] [DEBUG] cheese - null
[2021-08-11T14:31:29.161] [DEBUG] cheese - login => username:admin,password:123456
[2021-08-11T14:31:29.161] [DEBUG] cheese - admin
[2021-08-11T14:31:29.163] [DEBUG] cheese - null
[2021-08-11T14:31:29.163] [DEBUG] cheese - null
[2021-08-11T20:32:21.631] [DEBUG] cheese - login => username:admin,password:123456
[2021-08-11T20:32:21.632] [DEBUG] cheese - admin
[2021-08-11T20:32:21.640] [DEBUG] cheese - null
[2021-08-11T20:32:21.640] [DEBUG] cheese - null
[2021-08-12T10:11:51.095] [DEBUG] cheese - login => username:admin,password:123456
[2021-08-12T10:11:51.096] [DEBUG] cheese - admin
[2021-08-12T10:11:51.254] [DEBUG] cheese - null
[2021-08-12T10:11:51.254] [DEBUG] cheese - null
[2021-08-12T10:21:10.294] [DEBUG] cheese - login => username:admin,password:123456
[2021-08-12T10:21:10.294] [DEBUG] cheese - admin
[2021-08-12T10:21:10.296] [DEBUG] cheese - null
[2021-08-12T10:21:10.297] [DEBUG] cheese - null
[2021-08-12T11:01:31.194] [DEBUG] cheese - login => username:admin,password:123456
[2021-08-12T11:01:31.194] [DEBUG] cheese - admin
[2021-08-12T11:01:31.196] [DEBUG] cheese - null
[2021-08-12T11:01:31.196] [DEBUG] cheese - null
[2021-08-12T11:18:07.948] [DEBUG] cheese - null
[2021-08-12T12:17:49.984] [DEBUG] cheese - null
[2021-08-12T12:17:52.192] [DEBUG] cheese - null
[2021-08-12T12:17:53.790] [DEBUG] cheese - null
[2021-08-12T12:20:33.840] [DEBUG] cheese - null
[2021-08-12T12:20:46.972] [DEBUG] cheese - null
[2021-08-12T12:54:28.721] [DEBUG] cheese - null
[2021-08-12T12:58:00.908] [DEBUG] cheese - null
[2021-08-12T13:11:52.737] [DEBUG] cheese - null
[2021-08-12T16:58:11.314] [DEBUG] cheese - login => username:admin,password:123456
[2021-08-12T16:58:11.314] [DEBUG] cheese - admin
[2021-08-12T16:58:11.316] [DEBUG] cheese - null
[2021-08-12T16:58:11.316] [DEBUG] cheese - null
[2021-08-12T16:58:47.201] [DEBUG] cheese - login => username:admin,password:123456
[2021-08-12T16:58:47.201] [DEBUG] cheese - admin
[2021-08-12T16:58:47.203] [DEBUG] cheese - null
[2021-08-12T16:58:47.203] [DEBUG] cheese - null
[2021-08-12T16:59:06.002] [DEBUG] cheese - login => username:admin,password:123456
[2021-08-12T16:59:06.002] [DEBUG] cheese - admin
[2021-08-12T16:59:06.003] [DEBUG] cheese - null
[2021-08-12T16:59:06.003] [DEBUG] cheese - null
[2021-08-12T17:12:31.858] [DEBUG] cheese - login => username:admin,password:123456
[2021-08-12T17:12:31.858] [DEBUG] cheese - admin
[2021-08-12T17:12:31.860] [DEBUG] cheese - null
[2021-08-12T17:12:31.860] [DEBUG] cheese - null
[2021-08-13T10:15:37.802] [DEBUG] cheese - login => username:admin,password:123456
[2021-08-13T10:15:37.823] [DEBUG] cheese - admin
[2021-08-13T10:15:38.186] [DEBUG] cheese - null
[2021-08-13T10:15:38.187] [DEBUG] cheese - null
[2021-08-13T10:25:31.280] [DEBUG] cheese - login => username:admin,password:123456
[2021-08-13T10:25:31.280] [DEBUG] cheese - admin
[2021-08-13T10:25:31.283] [DEBUG] cheese - null
[2021-08-13T10:25:31.283] [DEBUG] cheese - null
[2021-08-13T18:48:39.307] [DEBUG] cheese - login => username:admin,password:123456
[2021-08-13T18:48:39.309] [DEBUG] cheese - admin
[2021-08-13T18:48:39.315] [DEBUG] cheese - null
[2021-08-13T18:48:39.315] [DEBUG] cheese - null
[2021-08-14T22:53:51.034] [DEBUG] cheese - login => username:admin,password:123456
[2021-08-14T22:53:51.074] [DEBUG] cheese - admin
[2021-08-14T22:53:51.346] [DEBUG] cheese - null
[2021-08-14T22:53:51.347] [DEBUG] cheese - null
[2021-08-14T23:33:16.095] [DEBUG] cheese - login => username:admin,password:123456
[2021-08-14T23:33:16.096] [DEBUG] cheese - admin
[2021-08-14T23:33:16.100] [DEBUG] cheese - null
[2021-08-14T23:33:16.101] [DEBUG] cheese - null
[2021-08-15T01:01:42.304] [DEBUG] cheese - login => username:admin,password:123456
[2021-08-15T01:01:42.305] [DEBUG] cheese - admin
[2021-08-15T01:01:42.308] [DEBUG] cheese - null
[2021-08-15T01:01:42.308] [DEBUG] cheese - null
[2021-08-15T09:44:23.167] [DEBUG] cheese - login => username:admin,password:123456
[2021-08-15T09:44:23.169] [DEBUG] cheese - admin
[2021-08-15T09:44:23.339] [DEBUG] cheese - null
[2021-08-15T09:44:23.340] [DEBUG] cheese - null
[2021-08-16T09:54:11.579] [DEBUG] cheese - login => username:admin,password:123456
[2021-08-16T09:54:11.581] [DEBUG] cheese - admin
[2021-08-16T09:54:12.154] [DEBUG] cheese - null
[2021-08-16T09:54:12.155] [DEBUG] cheese - null
[2021-08-16T16:20:29.656] [DEBUG] cheese - login => username:admin,password:123456
[2021-08-16T16:20:29.657] [DEBUG] cheese - admin
[2021-08-16T16:20:29.660] [DEBUG] cheese - null
[2021-08-16T16:20:29.661] [DEBUG] cheese - null
[2021-08-16T21:59:12.903] [DEBUG] cheese - login => username:admin,password:123456
[2021-08-16T21:59:12.906] [DEBUG] cheese - admin
[2021-08-16T21:59:12.909] [DEBUG] cheese - null
[2021-08-16T21:59:12.909] [DEBUG] cheese - null
[2021-08-16T22:15:02.048] [DEBUG] cheese - null
[2021-08-16T22:16:10.858] [DEBUG] cheese - null
[2021-08-16T22:17:43.258] [DEBUG] cheese - null
[2021-08-16T22:17:48.152] [DEBUG] cheese - null
[2021-08-16T22:20:00.240] [DEBUG] cheese - null
[2021-08-16T22:25:32.913] [DEBUG] cheese - login => username:admin,password:123456
[2021-08-16T22:25:32.913] [DEBUG] cheese - admin
[2021-08-16T22:25:32.916] [DEBUG] cheese - null
[2021-08-16T22:25:32.916] [DEBUG] cheese - null
[2021-08-16T22:28:08.429] [DEBUG] cheese - login => username:admin,password:123456
[2021-08-16T22:28:08.429] [DEBUG] cheese - admin
[2021-08-16T22:28:08.432] [DEBUG] cheese - null
[2021-08-16T22:28:08.432] [DEBUG] cheese - null
[2021-08-16T22:58:18.166] [DEBUG] cheese - null
[2021-08-16T23:12:11.276] [DEBUG] cheese - null
[2021-08-17T09:15:36.647] [DEBUG] cheese - login => username:admin,password:123456
[2021-08-17T09:15:36.649] [DEBUG] cheese - admin
[2021-08-17T09:15:36.807] [DEBUG] cheese - null
[2021-08-17T09:15:36.807] [DEBUG] cheese - null
[2021-08-17T11:02:42.019] [DEBUG] cheese - login => username:admin,password:123456
[2021-08-17T11:02:42.021] [DEBUG] cheese - admin
[2021-08-17T11:02:42.025] [DEBUG] cheese - null
[2021-08-17T11:02:42.025] [DEBUG] cheese - null
[2021-08-17T11:07:37.792] [DEBUG] cheese - login => username:admin,password:123456
[2021-08-17T11:07:37.794] [DEBUG] cheese - admin
[2021-08-17T11:07:37.797] [DEBUG] cheese - null
[2021-08-17T11:07:37.797] [DEBUG] cheese - null
[2021-08-17T11:17:23.960] [DEBUG] cheese - login => username:admin,password:123456
[2021-08-17T11:17:23.961] [DEBUG] cheese - admin
[2021-08-17T11:17:23.964] [DEBUG] cheese - null
[2021-08-17T11:17:23.965] [DEBUG] cheese - null
[2021-08-17T11:18:08.491] [DEBUG] cheese - login => username:admin,password:123456
[2021-08-17T11:18:08.491] [DEBUG] cheese - admin
[2021-08-17T11:18:08.493] [DEBUG] cheese - null
[2021-08-17T11:18:08.493] [DEBUG] cheese - null
[2021-08-17T11:18:25.823] [DEBUG] cheese - login => username:admin,password:123456
[2021-08-17T11:18:25.823] [DEBUG] cheese - admin
[2021-08-17T11:18:25.824] [DEBUG] cheese - null
[2021-08-17T11:18:25.824] [DEBUG] cheese - null
[2021-08-17T15:07:23.071] [DEBUG] cheese - login => username:admin,password:123456
[2021-08-17T15:07:23.073] [DEBUG] cheese - admin
[2021-08-17T15:07:23.077] [DEBUG] cheese - null
[2021-08-17T15:07:23.077] [DEBUG] cheese - null
[2021-08-17T15:12:13.691] [DEBUG] cheese - login => username:admin,password:123456
[2021-08-17T15:12:13.691] [DEBUG] cheese - admin
[2021-08-17T15:12:13.693] [DEBUG] cheese - null
[2021-08-17T15:12:13.693] [DEBUG] cheese - null
[2021-08-17T15:12:17.644] [DEBUG] cheese - login => username:admin,password:123456
[2021-08-17T15:12:17.645] [DEBUG] cheese - admin
[2021-08-17T15:12:17.647] [DEBUG] cheese - null
[2021-08-17T15:12:17.647] [DEBUG] cheese - null
[2021-08-17T20:33:39.178] [DEBUG] cheese - login => username:admin,password:123456
[2021-08-17T20:33:39.180] [DEBUG] cheese - admin
[2021-08-17T20:33:39.185] [DEBUG] cheese - null
[2021-08-17T20:33:39.186] [DEBUG] cheese - null
[2021-08-18T09:39:45.054] [DEBUG] cheese - login => username:admin,password:123456
[2021-08-18T09:39:45.055] [DEBUG] cheese - admin
[2021-08-18T09:39:45.234] [DEBUG] cheese - null
[2021-08-18T09:39:45.234] [DEBUG] cheese - null
[2021-08-18T11:45:24.852] [DEBUG] cheese - null
[2021-08-18T11:45:43.263] [DEBUG] cheese - null
[2021-08-18T11:46:04.485] [DEBUG] cheese - null
[2021-08-18T11:52:38.438] [DEBUG] cheese - null
[2021-08-18T11:53:36.889] [DEBUG] cheese - null
[2021-08-18T11:59:23.150] [DEBUG] cheese - null
[2021-08-18T11:59:36.076] [DEBUG] cheese - null
[2021-08-18T18:55:42.533] [DEBUG] cheese - login => username:admin,password:123456
[2021-08-18T18:55:42.535] [DEBUG] cheese - admin
[2021-08-18T18:55:42.538] [DEBUG] cheese - null
[2021-08-18T18:55:42.539] [DEBUG] cheese - null
[2021-08-18T19:59:40.842] [DEBUG] cheese - login => username:admin,password:123456
[2021-08-18T19:59:40.843] [DEBUG] cheese - admin
[2021-08-18T19:59:40.845] [DEBUG] cheese - null
[2021-08-18T19:59:40.845] [DEBUG] cheese - null
[2021-08-19T00:38:40.757] [DEBUG] cheese - login => username:admin,password:123456
[2021-08-19T00:38:40.758] [DEBUG] cheese - admin
[2021-08-19T00:38:40.769] [DEBUG] cheese - null
[2021-08-19T00:38:40.769] [DEBUG] cheese - null
[2021-08-19T01:08:34.044] [DEBUG] cheese - login => username:admin,password:123456
[2021-08-19T01:08:34.044] [DEBUG] cheese - admin
[2021-08-19T01:08:34.046] [DEBUG] cheese - null
[2021-08-19T01:08:34.046] [DEBUG] cheese - null
[2021-08-19T10:04:39.109] [DEBUG] cheese - login => username:admin,password:123456
[2021-08-19T10:04:39.151] [DEBUG] cheese - admin
[2021-08-19T10:04:39.381] [DEBUG] cheese - null
[2021-08-19T10:04:39.381] [DEBUG] cheese - null
[2021-08-19T10:28:24.825] [DEBUG] cheese - login => username:admin,password:123456
[2021-08-19T10:28:24.826] [DEBUG] cheese - admin
[2021-08-19T10:28:24.833] [DEBUG] cheese - null
[2021-08-19T10:28:24.833] [DEBUG] cheese - null
[2021-08-19T11:03:38.391] [DEBUG] cheese - login => username:admin,password:123456
[2021-08-19T11:03:38.392] [DEBUG] cheese - admin
[2021-08-19T11:03:38.398] [DEBUG] cheese - null
[2021-08-19T11:03:38.398] [DEBUG] cheese - null
[2021-08-19T11:05:50.153] [DEBUG] cheese - login => username:admin,password:123456
[2021-08-19T11:05:50.153] [DEBUG] cheese - admin
[2021-08-19T11:05:50.155] [DEBUG] cheese - null
[2021-08-19T11:05:50.155] [DEBUG] cheese - null
[2021-08-19T11:11:59.678] [DEBUG] cheese - login => username:admin,password:123456
[2021-08-19T11:11:59.678] [DEBUG] cheese - admin
[2021-08-19T11:11:59.679] [DEBUG] cheese - null
[2021-08-19T11:11:59.680] [DEBUG] cheese - null
[2021-08-19T11:17:47.651] [DEBUG] cheese - login => username:admin,password:123456
[2021-08-19T11:17:47.651] [DEBUG] cheese - admin
[2021-08-19T11:17:47.653] [DEBUG] cheese - null
[2021-08-19T11:17:47.653] [DEBUG] cheese - null
[2021-08-19T13:18:48.997] [DEBUG] cheese - login => username:admin,password:123456
[2021-08-19T13:18:48.998] [DEBUG] cheese - admin
[2021-08-19T13:18:49.005] [DEBUG] cheese - null
[2021-08-19T13:18:49.005] [DEBUG] cheese - null
[2021-08-19T13:20:35.282] [DEBUG] cheese - login => username:admin,password:123456
[2021-08-19T13:20:35.282] [DEBUG] cheese - admin
[2021-08-19T13:20:35.284] [DEBUG] cheese - null
[2021-08-19T13:20:35.284] [DEBUG] cheese - null
[2021-08-19T13:34:29.732] [DEBUG] cheese - login => username:admin,password:123456
[2021-08-19T13:34:29.732] [DEBUG] cheese - admin
[2021-08-19T13:34:29.734] [DEBUG] cheese - null
[2021-08-19T13:34:29.735] [DEBUG] cheese - null
[2021-08-19T13:39:22.443] [DEBUG] cheese - login => username:admin,password:123456
[2021-08-19T13:39:22.443] [DEBUG] cheese - admin
[2021-08-19T13:39:22.445] [DEBUG] cheese - null
[2021-08-19T13:39:22.445] [DEBUG] cheese - null
[2021-08-19T13:47:59.163] [DEBUG] cheese - login => username:admin,password:123456
[2021-08-19T13:47:59.163] [DEBUG] cheese - admin
[2021-08-19T13:47:59.165] [DEBUG] cheese - null
[2021-08-19T13:47:59.165] [DEBUG] cheese - null
[2021-08-19T14:08:12.922] [DEBUG] cheese - login => username:admin,password:123456
[2021-08-19T14:08:12.922] [DEBUG] cheese - admin
[2021-08-19T14:08:12.924] [DEBUG] cheese - null
[2021-08-19T14:08:12.924] [DEBUG] cheese - null
[2021-08-19T14:08:40.270] [DEBUG] cheese - login => username:admin,password:123456
[2021-08-19T14:08:40.272] [DEBUG] cheese - admin
[2021-08-19T14:08:40.275] [DEBUG] cheese - null
[2021-08-19T14:08:40.275] [DEBUG] cheese - null
[2021-08-19T14:10:50.078] [DEBUG] cheese - null
[2021-08-19T14:10:59.143] [DEBUG] cheese - null
[2021-08-19T14:13:11.857] [DEBUG] cheese - login => username:admin,password:123456
[2021-08-19T14:13:11.858] [DEBUG] cheese - admin
[2021-08-19T14:13:11.863] [DEBUG] cheese - null
[2021-08-19T14:13:11.864] [DEBUG] cheese - null
[2021-08-19T14:14:28.739] [DEBUG] cheese - login => username:admin,password:123456
[2021-08-19T14:14:28.739] [DEBUG] cheese - admin
[2021-08-19T14:14:28.741] [DEBUG] cheese - null
[2021-08-19T14:14:28.742] [DEBUG] cheese - null
[2021-08-19T14:15:15.758] [DEBUG] cheese - login => username:admin,password:123456
[2021-08-19T14:15:15.759] [DEBUG] cheese - admin
[2021-08-19T14:15:15.763] [DEBUG] cheese - null
[2021-08-19T14:15:15.763] [DEBUG] cheese - null
[2021-08-19T14:24:16.993] [DEBUG] cheese - login => username:admin,password:123456
[2021-08-19T14:24:16.994] [DEBUG] cheese - admin
[2021-08-19T14:24:16.999] [DEBUG] cheese - null
[2021-08-19T14:24:16.999] [DEBUG] cheese - null
[2021-08-19T14:25:30.402] [DEBUG] cheese - login => username:admin,password:123456
[2021-08-19T14:25:30.402] [DEBUG] cheese - admin
[2021-08-19T14:25:30.404] [DEBUG] cheese - null
[2021-08-19T14:25:30.404] [DEBUG] cheese - null
[2021-08-19T14:26:36.864] [DEBUG] cheese - login => username:admin,password:123456
[2021-08-19T14:26:36.864] [DEBUG] cheese - admin
[2021-08-19T14:26:36.867] [DEBUG] cheese - null
[2021-08-19T14:26:36.867] [DEBUG] cheese - null
[2021-08-19T14:29:11.558] [DEBUG] cheese - null
[2021-08-19T14:29:23.616] [DEBUG] cheese - null
[2021-08-19T14:29:37.079] [DEBUG] cheese - null
[2021-08-19T14:29:53.013] [DEBUG] cheese - null
[2021-08-19T14:30:10.750] [DEBUG] cheese - null
[2021-08-19T14:30:24.678] [DEBUG] cheese - login => username:admin,password:123456
[2021-08-19T14:30:24.678] [DEBUG] cheese - admin
[2021-08-19T14:30:24.681] [DEBUG] cheese - null
[2021-08-19T14:30:24.681] [DEBUG] cheese - null
[2021-08-19T14:32:43.512] [DEBUG] cheese - login => username:admin,password:123456
[2021-08-19T14:32:43.512] [DEBUG] cheese - admin
[2021-08-19T14:32:43.514] [DEBUG] cheese - null
[2021-08-19T14:32:43.514] [DEBUG] cheese - null
[2021-08-19T14:36:06.717] [DEBUG] cheese - null
[2021-08-19T14:37:17.125] [DEBUG] cheese - null
[2021-08-19T14:38:32.722] [DEBUG] cheese - null
[2021-08-19T14:43:31.376] [DEBUG] cheese - login => username:admin,password:123456
[2021-08-19T14:43:31.377] [DEBUG] cheese - admin
[2021-08-19T14:43:31.379] [DEBUG] cheese - null
[2021-08-19T14:43:31.380] [DEBUG] cheese - null
[2021-08-19T14:46:30.652] [DEBUG] cheese - login => username:admin,password:123456
[2021-08-19T14:46:30.652] [DEBUG] cheese - admin
[2021-08-19T14:46:30.654] [DEBUG] cheese - null
[2021-08-19T14:46:30.654] [DEBUG] cheese - null
[2021-08-19T14:48:23.918] [DEBUG] cheese - login => username:admin,password:123456
[2021-08-19T14:48:23.918] [DEBUG] cheese - admin
[2021-08-19T14:48:23.922] [DEBUG] cheese - null
[2021-08-19T14:48:23.922] [DEBUG] cheese - null
[2021-08-19T14:51:38.656] [DEBUG] cheese - login => username:admin,password:123456
[2021-08-19T14:51:38.656] [DEBUG] cheese - admin
[2021-08-19T14:51:38.657] [DEBUG] cheese - null
[2021-08-19T14:51:38.658] [DEBUG] cheese - null
[2021-08-19T14:51:42.302] [DEBUG] cheese - login => username:admin,password:123456
[2021-08-19T14:51:42.302] [DEBUG] cheese - admin
[2021-08-19T14:51:42.303] [DEBUG] cheese - null
[2021-08-19T14:51:42.303] [DEBUG] cheese - null
[2021-08-19T14:52:12.629] [DEBUG] cheese - login => username:admin,password:123456
[2021-08-19T14:52:12.629] [DEBUG] cheese - admin
[2021-08-19T14:52:12.631] [DEBUG] cheese - null
[2021-08-19T14:52:12.631] [DEBUG] cheese - null
[2021-08-19T15:03:23.271] [DEBUG] cheese - login => username:admin,password:123456
[2021-08-19T15:03:23.271] [DEBUG] cheese - admin
[2021-08-19T15:03:23.273] [DEBUG] cheese - null
[2021-08-19T15:03:23.273] [DEBUG] cheese - null
[2021-08-19T15:12:06.209] [DEBUG] cheese - login => username:admin,password:123456
[2021-08-19T15:12:06.209] [DEBUG] cheese - admin
[2021-08-19T15:12:06.212] [DEBUG] cheese - null
[2021-08-19T15:12:06.212] [DEBUG] cheese - null
[2021-08-19T15:14:45.650] [DEBUG] cheese - login => username:admin,password:123456
[2021-08-19T15:14:45.650] [DEBUG] cheese - admin
[2021-08-19T15:14:45.652] [DEBUG] cheese - null
[2021-08-19T15:14:45.652] [DEBUG] cheese - null
[2021-08-19T15:16:14.746] [DEBUG] cheese - login => username:admin,password:123456
[2021-08-19T15:16:14.748] [DEBUG] cheese - admin
[2021-08-19T15:16:14.757] [DEBUG] cheese - null
[2021-08-19T15:16:14.757] [DEBUG] cheese - null
[2021-08-19T15:16:17.092] [DEBUG] cheese - login => username:admin,password:123456
[2021-08-19T15:16:17.092] [DEBUG] cheese - admin
[2021-08-19T15:16:17.095] [DEBUG] cheese - null
[2021-08-19T15:16:17.095] [DEBUG] cheese - null
[2021-08-19T15:17:48.173] [DEBUG] cheese - login => username:admin,password:123456
[2021-08-19T15:17:48.174] [DEBUG] cheese - admin
[2021-08-19T15:17:48.182] [DEBUG] cheese - null
[2021-08-19T15:17:48.182] [DEBUG] cheese - null
